    P_VSM_HOD_Handson_TimeInsertPoint
          P_VSM_HOD_Handson_TrqInsertPoint
            P_VSM_ESS_SpdTime_s
          P_VSM_ESS_SpdPoint_kmh
            P_VSM_ESS_AngleSpdTable_deg
        P_VSM_ESS_MaxLateral_mss
          P_VSM_ESS_IPSpeed_kmh
            P_VSM_ESS_SteerWheelSpd_Param
          P_VSM_ESS_SteerWheelSpd_BP
            P_VSM_ESS_DriveIn
          P_VSM_ESS_DriveIn_BP
            P_VSM_ESS_DriverInputTrq_Param
        P_VSM_LCKIE_Laneoffset
          P_VSM_LCKIE_Laneoffset_BP
            P_VSM_LCKIE_LATC_LimitDis
          P_VSM_LCKIE_LATC_LimitDis_BP
            P_VSM_LCKIE_LatC_DisOffofLanWidth
          P_VSM_LCKIE_LatC_LanWidth
            P_VSM_LCKIE_LatC_DisOffofSpd
          P_VSM_LCKIE_LatC_Spd
            P_VSM_LCKIE_LatC_SafeDisofLanWidth
        P_VSM_LCKIE_LongC_d1
          P_VSM_LCKIE_LongC_Spd
            P_VSM_LCKIE_LongC_d2
          P_VSM_LCKIE_LongC_DetaSpd
        P_VSM_LCK_AbsEspInTime 

P_VSM_LCK_AccRateInTime 

P_VSM_LCK_AccrPelRateOut 

P_VSM_LCK_BrakePressInTime 

P_VSM_LCK_C0 

P_VSM_LCK_DrvInputTrqValueInTime 

P_VSM_LCK_LCOverrideTime 

P_VSM_LCK_LanechangeSwitch 

P_VSM_LCK_Lanewidthswitch 

P_VSM_LCK_LateralAcceInTime 

P_VSM_LCK_LongitudeAccInTime 

P_VSM_LCK_OverrideInTime 

P_VSM_LCK_OverrideTime 

P_VSM_LCK_ParamA1 

P_VSM_LCK_State_ESSSts_enable 

P_VSM_LCK_State_LaneChange_enable 

P_VSM_LCK_State_Param_LaneCurve 

P_VSM_LCK_State_Param_LaneCurve_Offset 

P_VSM_LCK_State_Param_LaneWidth 

P_VSM_LCK_State_Param_LaneWidth_Offset 

P_VSM_LCK_SteerAngleSpdInTime 

P_VSM_LCK_SteerWheelAngleInTime 

P_VSM_LCK_T0 

P_VSM_LCK_TargetInSwitch 

P_VSM_LCK_YawRateInTime 

P_VSM_LCK_dypreFactor 

P_VSM_LDW_AbsEspInTime 

P_VSM_LDW_AccRateInTime 

P_VSM_LDW_BrakePressInTime 

P_VSM_LDW_LaneChangeOffset 

P_VSM_LDW_LateralAcceInTime 

P_VSM_LDW_LongitudeAccInTime 

P_VSM_LDW_State_ESSSts_enable 

P_VSM_LDW_SteerWheelAngleInTime 

P_VSM_LDW_SteerWheelSpdInTime 

P_VSM_LDW_TurnLightInTime 

P_VSM_LDW_YawRateInTime 

P_VSM_LKA_AbsEspInTime 

P_VSM_LKA_AccPedalRateOutTime 

P_VSM_LKA_AccRateInTime 

P_VSM_LKA_BrakePressInTime 

P_VSM_LKA_CurveFactor 

P_VSM_LKA_DriverInputTrqValueInTime 

P_VSM_LKA_EndSwitch 

P_VSM_LKA_LaneChangeOffset 

P_VSM_LKA_LateralAcceInTime 

P_VSM_LKA_OverrideInTime 

P_VSM_LKA_OverrideTime 

P_VSM_LKA_State_ESSSts_enable 

P_VSM_LKA_State_Param_LaneCurve 

P_VSM_LKA_State_Param_LaneCurve_Offset 

P_VSM_LKA_SteerWheelAngleInTime 

P_VSM_LKA_SteerWheelSpdInTime 

P_VSM_LKA_TurnLightInTime 

P_VSM_LKA_WarnInTime 

P_VSM_LKA_YawRateInTime 

P_VSM_LKA_absLongitudeAcceInTime 

P_VSM_NOH_Swt_Req_SW 

P_VSM_SOSSpdLimit 

P_Global_DxvRearBumper_m 

P_Global_IEnvironment_RefPX_Front_Bumper 

P_Global_VehicleWidthMin_m 

P_Global_Vehicle_Length_m 

P_Global_WheelBase_m 

P_VSM_ACC_BOMEntry_ACCDecReqValue 

P_VSM_ACC_BOMEntry_AxvRefMs2 

P_VSM_ACC_BOMExit_ACCDecReqValue 

P_VSM_ACC_RadarOffset 

P_VSM_ELK_Lane_Width_Table 

P_VSM_ELK_Lane_Width_Table_Calibration 

P_VSM_ELK_OnComing_Lateral 

P_VSM_ELK_OnComing_TTC 

P_VSM_ELK_OverTaking_Lateral 

P_VSM_ELK_OverTaking_TTC 

P_VSM_ELK_Sensitive_Table 

P_VSM_ELK_Sensitive_Table_Calibration 

P_VSM_ELK_State_Absesp_enable 

P_VSM_ELK_State_Accpedalrate_enable 

P_VSM_ELK_State_Breakpressure_enable 

P_VSM_ELK_State_DriverInputTrqValue_enable 

P_VSM_ELK_State_ESSSts_enable 

P_VSM_ELK_State_Eps_enable 

P_VSM_ELK_State_Failsafe_enable 

P_VSM_ELK_State_GEAR_enable 

P_VSM_ELK_State_Headingangle_enable 

P_VSM_ELK_State_LaneChange_enable 

P_VSM_ELK_State_Lane_enable 

P_VSM_ELK_State_Lanecurve_enable 

P_VSM_ELK_State_LateralAcce_enable 

P_VSM_ELK_State_LongitudeAcc_enable 

P_VSM_ELK_State_Overide_enable 

P_VSM_ELK_State_Param_AngleOffset 

P_VSM_ELK_State_Param_OnTime 

P_VSM_ELK_State_Param_Oncoming 

P_VSM_ELK_State_Param_OutOffset 

P_VSM_ELK_State_Param_OvTime 

P_VSM_ELK_State_Param_Over 

P_VSM_ELK_State_Param_Speed 

P_VSM_ELK_State_SteerWheelAngle_enable 

P_VSM_ELK_State_SteerWheelSpd_enable 

P_VSM_ELK_State_Vehspeed_enable 

P_VSM_ELK_State_Yawsup_enable 

P_VSM_ESS_ACtiveTime 

P_VSM_ESS_AccPedlPosn_Param 

P_VSM_ESS_DangerPlausLeft 

P_VSM_ESS_DangerPlausRight 

P_VSM_ESS_DelayTime 

P_VSM_ESS_DrvOverTime_Param 

P_VSM_ESS_LgtAccelLower_Param 

P_VSM_ESS_LgtAccelUpper_Param 

P_VSM_ESS_MasterCylindBrake 

P_VSM_ESS_SafeDistance_m 

P_VSM_ESS_StopA0_Param 

P_VSM_ESS_StopA1Time_Param 

P_VSM_ESS_StopA1_Param 

P_VSM_HOD_DrvTrqFlterTIme 

P_VSM_HOD_HWA_HandsOffLev1TimeCnt 

P_VSM_HOD_HWA_HandsOffLev2TimeCnt 

P_VSM_HOD_HWA_HandsOffLev3TimeCnt 

P_VSM_HOD_HWA_HandsOffLev4TimeCnt 

P_VSM_HOD_HandsOff_Tr 

P_VSM_HOD_HandsOn_Tr 

P_VSM_HOD_LCKTJA_HandsOffLev1TimeCnt 

P_VSM_HOD_LCKTJA_HandsOffLev2TimeCnt 

P_VSM_HOD_LCKTJA_HandsOffLev3TimeCnt 

P_VSM_HOD_LCKTJA_HandsOffLev4TimeCnt 

P_VSM_HWAActivation_NOAMOd_Spd 

P_VSM_HWAActivation_Spd_Low 

P_VSM_HWAActivation_Spd_Up 

P_VSM_LCKIE_ClassInput 

P_VSM_LCKIE_LatC_DisSW 

P_VSM_LCKIE_LatC_LimitDisEgoToObjSelt 

P_VSM_LCKIE_LatC_LimitEgoToOppLane 

P_VSM_LCKIE_LatC_MoveEnableDis 

P_VSM_LCKIE_LatC_RESafDis 

P_VSM_LCKIE_LatC_maxLimitDisREToLane 

P_VSM_LCKIE_LatC_minLimitDisREToLane 

P_VSM_LCKIE_LongC_DirecChangeDis 

P_VSM_LCKIE_LongC_FleetOff 

P_VSM_LCKIE_LongC_ShutDownLongDis 

P_VSM_LCKIE_LongC_ShutDownTTC 

P_VSM_LCKIE_LongC_maxDis 

P_VSM_LCKIE_LongC_minDis 

P_VSM_LCKIE_LongC_toff 

P_VSM_LCKIE_OFC_ActDis 

P_VSM_LCKIE_OFC_DownDis 

P_VSM_LCKIE_OFC_DownTTC 

P_VSM_LCKIE_OFC_SafDis 

P_VSM_LCKIE_OFC_Toff 

P_VSM_LCKIE_ORC_LatDis 

P_VSM_LCKIE_ORC_LimitDis1 

P_VSM_LCKIE_ORC_LimitDis2 

P_VSM_LCKIE_ORC_LimitTTC 

P_VSM_LCKIE_ORC_LowSpd 

P_VSM_LCKIE_POC_Delaytime 

P_VSM_LCKIE_POC_LimitDis 

P_VSM_LCKIE_POC_LimitTTC 

P_VSM_LCKIE_POC_detaSpd 

P_VSM_LCKIE_STATE_ORCObjenable 

P_VSM_LCKIE_State_CurveMax 

P_VSM_LCKIE_State_CurveMin 

P_VSM_LCKIE_State_DriverInputTrqValue_enable 

P_VSM_LCKIE_State_ELKObjClc 

P_VSM_LCKIE_State_HWASts_disable 

P_VSM_LCKIE_State_IEObjClc 

P_VSM_LCKIE_State_IFVReady 

P_VSM_LCKIE_State_LaneWidth_enable 

P_VSM_LCKIE_State_Lanecurve_enable 

P_VSM_LCKIE_State_Off2on 

P_VSM_LCKIE_State_OppObjClc 

P_VSM_LCKIE_State_Vehspeed_enable 

P_VSM_LCKIE_State_detaspd 

P_VSM_LCKIE_State_detaspd_enable 

P_VSM_LCKIE_State_lamb_enable 

P_VSM_LCKIE_State_wiper_enable 

P_VSM_LCKIE_tcycle 

P_VSM_LCK_AccRateIn 

P_VSM_LCK_AccRateOut 

P_VSM_LCK_AccrPelOut 

P_VSM_LCK_BrakePressIn 

P_VSM_LCK_BrakePressOut 

P_VSM_LCK_DrvInputTrqValueIn 

P_VSM_LCK_DrvInputTrqValueOut 

P_VSM_LCK_IdleInTime 

P_VSM_LCK_LCDrvInputTrqValueOut 

P_VSM_LCK_LCOverrideValue 

P_VSM_LCK_LateralAcceIn 

P_VSM_LCK_LateralAcceOut 

P_VSM_LCK_LongitudeAccIn 

P_VSM_LCK_LongitudeAccOut 

P_VSM_LCK_OverrideValue 

P_VSM_LCK_State_Absesp_enable 

P_VSM_LCK_State_Accpedalrate_enable 

P_VSM_LCK_State_Breakpressure_enable 

P_VSM_LCK_State_DriverInputTrqValue_enable 

P_VSM_LCK_State_Eps_enable 

P_VSM_LCK_State_GEAR_enable 

P_VSM_LCK_State_Handson_enable 

P_VSM_LCK_State_IdleInTime_enable 

P_VSM_LCK_State_LSMLine_enable 

P_VSM_LCK_State_LaneCurve_enable 

P_VSM_LCK_State_Lane_enable 

P_VSM_LCK_State_LateralAcce_enable 

P_VSM_LCK_State_LongitudeAcc_enable 

P_VSM_LCK_State_Overide_enable 

P_VSM_LCK_State_SteerWheelAngle_enable 

P_VSM_LCK_State_SteerWheelSpd_enable 

P_VSM_LCK_State_TargetLaneIn_enable 

P_VSM_LCK_State_TurnLight_enable 

P_VSM_LCK_State_Vehspeed_enable 

P_VSM_LCK_State_Yawsup_enable 

P_VSM_LCK_SteerAngleSpdIn 

P_VSM_LCK_SteerAngleSpdOut 

P_VSM_LCK_SteerWheelAngleIn 

P_VSM_LCK_SteerWheelAngleOut 

P_VSM_LCK_Warnarea1 

P_VSM_LCK_Warnarea2 

P_VSM_LCK_YawRateIn 

P_VSM_LCK_YawRateOut 

P_VSM_LCK_absLongitudeAccIn 

P_VSM_LCK_absLongitudeAccOut 

P_VSM_LDW_AccPedalOut 

P_VSM_LDW_AccRateIn 

P_VSM_LDW_AccRateOut 

P_VSM_LDW_BrakePressIn 

P_VSM_LDW_BrakePressOut 

P_VSM_LDW_LaneCurveIn 

P_VSM_LDW_LaneCurveOut 

P_VSM_LDW_LateralAcceIn 

P_VSM_LDW_LateralAcceOut 

P_VSM_LDW_LongitudeAccIn 

P_VSM_LDW_LongitudeAccOut 

P_VSM_LDW_State_Absesp_enable 

P_VSM_LDW_State_Accpedalrate_enable 

P_VSM_LDW_State_Breakpressure_enable 

P_VSM_LDW_State_Failsafe_enable 

P_VSM_LDW_State_GEAR_enable 

P_VSM_LDW_State_Headingangle_enable 

P_VSM_LDW_State_LaneChange_enable 

P_VSM_LDW_State_Lane_enable 

P_VSM_LDW_State_Lanecurve_enable 

P_VSM_LDW_State_LateralAcce_enable 

P_VSM_LDW_State_LongitudeAcc_enable 

P_VSM_LDW_State_Param_LaneTime 

P_VSM_LDW_State_Param_LaneWidth_Offset 

P_VSM_LDW_State_Param_REWarningZoneIn 

P_VSM_LDW_State_Param_Sensitive_Offset 

P_VSM_LDW_State_Param_Speed 

P_VSM_LDW_State_Param_WarningZoneIn 

P_VSM_LDW_State_Param_WarningZoneOut 

P_VSM_LDW_State_SteerWheelAngle_enable 

P_VSM_LDW_State_SteerWheelSpd_enable 

P_VSM_LDW_State_TurnLight_enable 

P_VSM_LDW_State_Vehspeed_enable 

P_VSM_LDW_State_Yawsup_enable 

P_VSM_LDW_SteerWheelAngleIn 

P_VSM_LDW_SteerWheelAngleOut 

P_VSM_LDW_SteerWheelSpdIn 

P_VSM_LDW_SteerWheelSpdOut 

P_VSM_LDW_WhelDy 

P_VSM_LDW_YawRateIn 

P_VSM_LDW_YawRateOut 

P_VSM_LDW_absLongitudeAccIn 

P_VSM_LDW_absLongitudeAccOut 

P_VSM_LKA_AccPedalPosnOut 

P_VSM_LKA_AccRateIn 

P_VSM_LKA_AccRateOut 

P_VSM_LKA_BrakePressIn 

P_VSM_LKA_BrakePressOut 

P_VSM_LKA_DriverInputTrqValueIn 

P_VSM_LKA_DriverInputTrqValueOut 

P_VSM_LKA_LaneCurveIn 

P_VSM_LKA_LaneCurveOut 

P_VSM_LKA_LateralAcceIn 

P_VSM_LKA_LateralAcceOut 

P_VSM_LKA_LongitudeAcceIn 

P_VSM_LKA_LongitudeAcceOut 

P_VSM_LKA_OverrideValue 

P_VSM_LKA_State_Absesp_enable 

P_VSM_LKA_State_Accpedalrate_enable 

P_VSM_LKA_State_Breakpressure_enable 

P_VSM_LKA_State_DriverInputTrqValue_enable 

P_VSM_LKA_State_Eps_enable 

P_VSM_LKA_State_Failsafe_enable 

P_VSM_LKA_State_GEAR_enable 

P_VSM_LKA_State_Headingangle_enable 

P_VSM_LKA_State_LaneChange_enable 

P_VSM_LKA_State_Lane_enable 

P_VSM_LKA_State_Lanecurve_enable 

P_VSM_LKA_State_LateralAcce_enable 

P_VSM_LKA_State_LongitudeAcc_enable 

P_VSM_LKA_State_Overide_enable 

P_VSM_LKA_State_Param_AngleOffset 

P_VSM_LKA_State_Param_InterventionZoneIn 

P_VSM_LKA_State_Param_InterventionZoneOut 

P_VSM_LKA_State_Param_LaneWidth_Offset 

P_VSM_LKA_State_Param_Offset 

P_VSM_LKA_State_Param_OutOffset 

P_VSM_LKA_State_Param_REInterventionZoneIn 

P_VSM_LKA_State_Param_Sensitive_Offset 

P_VSM_LKA_State_SteerWheelAngle_enable 

P_VSM_LKA_State_SteerWheelSpd_enable 

P_VSM_LKA_State_TJASts_enable 

P_VSM_LKA_State_TurnLight_enable 

P_VSM_LKA_State_Vehspeed_enable 

P_VSM_LKA_State_Yawsup_enable 

P_VSM_LKA_SteerWheelAngleIn 

P_VSM_LKA_SteerWheelAngleOut 

P_VSM_LKA_SteerWheelSpdIn 

P_VSM_LKA_SteerWheelSpdOut 

P_VSM_LKA_Warnarea1 

P_VSM_LKA_Warnarea2 

P_VSM_LKA_WhelDy 

P_VSM_LKA_YawRateIn 

P_VSM_LKA_YawRateOut 

P_VSM_LKA_absLongitudeAcceIn 

P_VSM_LKA_absLongitudeAcceOut 

P_VSM_LSMC_SampleTime 

P_VSM_ACCExit_AccOverride 

P_VSM_ACCExit_StandWaitTime 

P_VSM_ACC_BrakeOnlyNum 

P_VSM_ACC_StandActiveNumACCMode 

P_VSM_ACC_StandActiveNumHWAMode 

P_VSM_SOSContinueTime 

P_VSM_TJA_ActiveWaitNum 

P_VSM_TLS_LCCancelTime 

P_VSM_ACCSOS_SW 

P_VSM_ACC_AutoGoSW 

P_VSM_AESSwtReq 

P_VSM_ALCSwtReq 

P_VSM_ELKSwtReq 

P_VSM_ESS_AEBFlag_enable 

P_VSM_ESS_AccelPed_enable 

P_VSM_ESS_DoorSts_enable 

P_VSM_ESS_DrvSBR_enable 

P_VSM_ESS_ESPActive_enable 

P_VSM_ESS_ESPFuncOffSts_enable 

P_VSM_ESS_FcwDisFlag_enable 

P_VSM_ESS_FcwSw_enable 

P_VSM_ESS_HiLoBeam_enable 

P_VSM_ESS_LateralAccel_enable 

P_VSM_ESS_OVERRIDE_SW 

P_VSM_ESS_SteerWheelSpd_enable 

P_VSM_ESS_TrailerSts_enable 

P_VSM_ESS_VehLgtAccel_enable 

P_VSM_ESS_VehSwtReq 

P_VSM_ESS_Vehspeed_enable 

P_VSM_ESS_WiprReq_enable 

P_VSM_HWA_ALCStsSW 

P_VSM_HWA_EHR_Enable 

P_VSM_ICA_HandsOffSwtReq 

P_VSM_ISLSwtReq 

P_VSM_IntelligentEvaSwtReq 

P_VSM_LCKSwtReq 

P_VSM_LDWSwtReq 

P_VSM_LKASwtReq 

P_VSM_LSSSwtReq 

P_VSM_NOH_Act_Req 

P_VSM_NOH_Swt_Req 

P_VSM_TSRSwtReq 

P_VSM_TSRWarnSwtReq 

P_VSM_TimeGapHMI_SW 

P_Global_VehiclePowerType 

P_VSM_CruiseFunUserInputMappingWays 

P_VSM_ISL_TimeInformDis 

P_VSM_ISL_TimeTakeOver 

P_VSM_LCK_A1 

P_VSM_NOH_PilotSelc_SW 

  VSM_LCK_Warning
  VSM_LCK_d0
  VSM_LCK_LaneWidth_offset
  VSM_LCK_LaneCure_Offset
  VSM_ACCActCondF
  VSM_ESS_SubModel_VERSION
  VSM_LCK_VERSION
  VSM_LCKIE_SubModel_VERSION
  VSM_LDW_VERSION
  VSM_LKA_VERSION
  VSM_ACC_USSObjDxMin
  VSM_ACC_P0DxThrehod
  VSM_ACC_DecReqValue
  VSM_HOD_DrvTrqFilted
  VSM_ACC_SpdSetValue
  VSM_LCK_LaneCure
  VSM_LCKIE_LatC_SafeDisToLaneEdge
  VSM_LCKIE_LatC_DisEgo2ObjOff
  VSM_LCKIE_POC_delay_time
  VSM_LCKIE_LongC_d2
  VSM_LCKIE_LongC_d1
  VSM_LCKIE_LongC_LongDis
  VSM_LCKIE_LatC_DetaDis
  VSM_ESS_StateR
  VSM_ESS_StateL
  VSM_LCK_preDis
  VSM_LCK_Lanewidth
  VSM_LDW_Count
  VSM_LDW_wCount
  VSM_ERROR_RIGHT
  VSM_ERROR_LEFT
  VSM_preFLWhelDy
  VSM_preFRWhelDy
  VSM_FLWhelDy
  VSM_FRWhelDy
  VSM_LKA_LKAactive
  VSM_LKA_LKAout
  VSM_LDW_Leftwarnflag
  VSM_LDW_Rightwarnflag
  VSM_LCKIE_POC_OvertakeSpd
  VSM_LCKIE_POC_POCObjLong
  VSM_LCKIE_POC_POCObjTTC
  VSM_LCKIE_OS_RoadWidth
  VSM_LCKIE_OS_DisEgo2ObjSelect
  VSM_LCKIE_OS_DisEgo2Obj
  VSM_LCKIE_OS_DetaSpdSelect
  VSM_LCKIE_OS_DisEgo2OppLane
  VSM_LCKIE_OS_DetaSpd
  VSM_LCKIE_OS_TTC
  VSM_LCKIE_ORC_ObjTTC
  VSM_LCKIE_ORC_ObjLong
  VSM_LCKIE_ORC_ObjLatPos
  VSM_LCKIE_ORC_ObjDetaSpd
  VSM_LCKIE_OFC_Long
  VSM_LCKIE_OFC_OppObjDetaSpd
  VSM_LCKIE_OFC_ObjTTC
  VSM_LCKIE_OFC_Tset
  VSM_LCKIE_LongC_LongDisfinal
  VSM_LCKIE_LongC_ObjLong
  VSM_LCKIE_LatC_LatMovDis
  VSM_LCKIE_LatC_ts
  VSM_LCKIE_LatC_MoveDis
  VSM_LCKIE_LatC_DisREToLane
  VSM_LCKIE_LatC_SafDis
  VSM_LCKIE_LatC_latmovori
  VSM_LCKIE_Laneoffset
  VSM_LCK_dy0
  VSM_LCK_dypreoffset
  VSM_LCK_dypre
  VSM_ELK_Warning
  VSM_ELK_OnComing_Rv_re
  VSM_ELK_OnComing_Rlateral
  VSM_ELK_OnComing_Lv_re
  VSM_ELK_OnComing_Llateral
  VSM_ESS_LastPoint
  VSM_ACCSts
  VSM_ACCStandActiveTime
  VSM_ESS_SubModel_Number
  VSM_LCKIE_SubModel_Number
  VSM_LCKIE_POC_Couter1
  VSM_LCKIE_LongC_CouterOff
  VSM_LCKIE_LongC_Couter1
  VSM_LCKIE_LongC_Couter2
  VSM_LCKIE_LongC_Couter3
  VSM_Diagnostic_ACCError
  VSM_ACC_SWEngState
  VSM_Diagnostic_HWAError
  VSM_ESS_VehCnfgESS
  VSM_Diagnostic_TJAError
  VSM_ELK_VehConfigELK
  VSM_LKAState
  VSM_TarDangerLevel
  VSM_ACC_HazActv
  VSM_ACC_ModeDisp
  VSM_TJA_ModeDisp
  VSM_HWANOA_Mode
  VSM_TJATextDisp
  VSM_HWATextDisp
  VSM_ACCTextDisp
  VSM_LKA_Warning
  VSM_HWA_LaneChangeReq
  VSM_ACC_DrvrOff_Disp
  VSM_HWA_ModeDisp
  VSM_ELKState
  VSM_LCKState
  VSM_LCK_Counter
  VSM_LCKIE_State
  VSM_LDWSts
  VSM_LDW_Error
  VSM_LDW_Counter
  VSM_LKA_Error
  VSM_LKA_Counter
  VSM_Counter
  VSM_TJA_ACC_SelSts
  VSM_LCKIE_POC_OvertakeFlg
  VSM_LCKIE_POC_LongDown
  VSM_LCKIE_POC_POSID
  VSM_LCKIE_POC_POSObjID
  VSM_LCKIE_POC_Counter
  VSM_LCKIE_POC_Couter2
  VSM_LCKIE_OS_OppFObjID
  VSM_LCKIE_OS_OppRObjID
  VSM_LCKIE_OS_POSRObjID
  VSM_LCKIE_OS_ObjLane
  VSM_LCKIE_OS_ObjSelectID
  VSM_LCKIE_OS_ObjIDSelect
  VSM_LCKIE_OS_Couter
  VSM_LCKIE_OS_Couter1
  VSM_LCKIE_ORC_OppREARObjReady
  VSM_LCKIE_ORC_Counter
  VSM_LCKIE_OFC_OppObjReady
  VSM_LCKIE_OFC_OppObjFail
  VSM_LCKIE_OFC_Counter
  VSM_LCKIE_OFC_Counter1
  VSM_LCKIE_LongC_PocFlg
  VSM_LCKIE_LongC_IEReady
  VSM_LCKIE_LongC_LongFlg
  VSM_LCKIE_LatC_Flg
  VSM_LCKIE_LatC_MovDirct1
  VSM_LCKIE_LatC_LatWarning
  VSM_LCKIE_LatC_DirectChange
  VSM_LCKIE_LatC_ObjLatFailFlg
  VSM_LCKIE_LatC_MovDirct
  VSM_LCKIE_LatC_LatFLg
  VSM_LCKIE_LatC_Counter
  VSM_LCKIE_LatC_Counter1
  VSM_LCKIE_LatC_Counter2
  VSM_LCKIE_LatC_Counter3
  VSM_LCKIE_LatC_Counter4
  VSM_LCKIE_LatC_Counter5
  VSM_LCKIE_DelayReady
  VSM_HandsOffWarningLevel
  VSM_ESSState
  VSM_ACC_TimeGapSet
  VSM_HWAWarningLevel
  VSM_ACCFastExitCons_Standstill3min
  VSM_VehicleStandStill
  VSM_ACCFastExitCons_StandstillNoBrakeForce
  VSM_ACCFastExitCons_RollingBack
  VSM_ACCFastExitCons_EngineOff
  VSM_ACCFastExitCons_BrakeDiskOverHeat
  VSM_ACCFastExitCons_Cancel
  VSM_ACCFastExitCons_EspOff
  VSM_ACCFastExitCons_NoForwardGear
  VSM_ACC_DriverBrake
  VSM_ACCFastExitCons_DriveBrakeExit
  VSM_ACCFastExitCons_EPBClosed
  VSM_ACCFastExitCons_DriverDoorOpen
  VSM_ACCFastExitCons_AEBTrigger
  VSM_ACCFastExitCons_VehSpdExit
  VSM_ACCFastExitCons_DrivingModExit
  VSM_ACCFastExitCons_APSGuidance
  VSM_ACCFastExitCons_ACCError_Inhibit
  VSM_ACCFastExitCons_ACCOverride
  VSM_ACC_SWCruise
  VSM_User_ACCSet
  VSM_DriveBrake
  VSM_ACCSlowExitCons_EspActive400ms
  VSM_ACCSlowExitCons_MSRactive800ms
  VSM_ACCSlowExitCons_HDCactive40ms
  VSM_ACCSlowExitCons_ABSactive400ms
  VSM_ACCSlowExitCons_TCS1active3000ms
  VSM_ACCSlowExitCons_TCS2active3000ms
  VSM_ACCFastExitCons_DriverSBR
  VSM_ActiveEnable
  VSM_ACC_USSObjExist
  VSM_ACC_DrvOfftoSM
  VSM_AccOverride
  VSM_ACCFastExit
  VSM_ACCSlowExit
  VSM_ACC_AccPedalTouch
  VSM_ACC_VehCnfgACC
  VSM_ACC_BOMExit
  VSM_ACCStandActive2Wait_DrvrSts
  VSM_ACCStandActive2Wait_USS
  VSM_ACCStandActive2Active_DrvrSts
  VSM_HandsOff
  VSM_User_TJASet
  VSM_ESS_PedSwtReq
  VSM_ESS_VehSwtReq
  VSM_ESS_Sensor_idle2error
  VSM_ESS_VehicleSpd_IDLE2READY
  VSM_ESS_ESPFuncOffSts_IDLE2READY
  VSM_ESS_DoorSts_IDLE2READY
  VSM_ESS_DrvSBR_IDLE2READY
  VSM_ESS_TrailerSts_IDLE2READY
  VSM_ESS_WiprReq_IDLE2READY
  VSM_ESS_HiLoBeam_IDLE2READY
  VSM_ESS_ESPActive_IDLE2READY
  VSM_ESS_LateralAccel_IDLE2READY
  VSM_ESS_IDLE2READY
  VSM_ESS_VehicleSpd_READY2IDLE
  VSM_ESS_ESPFuncOffSts_READY2IDLE
  VSM_ESS_DoorSts_READY2IDLE
  VSM_ESS_DrvSBR_READY2IDLE
  VSM_ESS_TrailerSts_READY2IDLE
  VSM_ESS_WiprReq_READY2IDLE
  VSM_ESS_HiLoBeam_READY2IDLE
  VSM_ESS_ESPActive_READY2IDLE
  VSM_ESS_LateralAccel_READY2IDLE
  VSM_ESS_READY2IDLE
  VSM_ESS_FcwWarn_Ready2Active
  VSM_ESS_FcwDisFlag_Ready2Active
  VSM_ESS_FcwFlag_READY2ACTIVE
  VSM_ESS_AEBVehFlag_Ready2Active
  VSM_ESS_AEBVruFlag_Ready2Active
  VSM_ESS_AEBFlag_READY2ACTIVE
  VSM_ESS_AccelPed_READY2ACTIVE
  VSM_ESS_VehLgtAccel_READY2ACTIVE
  VSM_ESS_READY2ACTIVE
  VSM_ESS_ESPActive_ACTIVE2IDLE
  VSM_ESS_LateralAccel_ACTIVE2IDLE
  VSM_ESS_ESPFuncOffSts_ACTIVE2IDLE
  VSM_ESS_DoorSts_ACTIVE2IDLE
  VSM_ESS_DrvSBR_ACTIVE2IDLE
  VSM_ESS_AEBTrigFlag_ACTIVE2IDLE
  VSM_ESS_VehicleSpd_ACTIVE2IDLE
  VSM_ESS_MasterCylindBrakePress_ACTIVE2IDLE
  VSM_ESS_ACTIVE2IDLE
  VSM_ESS_DPC_L_Active2Ready
  VSM_ESS_LineA1_Active2Ready
  VSM_ESS_LineA0_Active2Ready
  VSM_ESS_DrvOver_Active2Ready_DiffDirc
  VSM_ESS_DrvOver_Active2Ready_SamDirc
  VSM_ESS_DrvOver_Active2Ready
  VSM_ESS_L_Oncoming_Active2Ready
  VSM_ESS_LValid_Active2Ready
  VSM_ESS_L_ACTIVE2READY
  VSM_ESS_DPC_R_Active2Ready
  VSM_ESS_R_Oncoming_Active2Ready
  VSM_ESS_RValid_Active2Ready
  VSM_ESS_R_ACTIVE2READY
  VSM_ESS_L_SteerWheelSpdSign_Ready2Active
  VSM_ESS_LineLValid_Ready2Active
  VSM_ESS_LeftOncoming_Ready2Active
  VSM_ESS_DangerPlausLeft_Ready2Active
  VSM_ESS_SteerWheelSpd_READY2ACTIVE
  VSM_ESS_Left_READY2ACTIVE
  VSM_ESS_R_SteerWheelSpdSign_Ready2Active
  VSM_ESS_LineRValid_Ready2Active
  VSM_ESS_RightOncoming_Ready2Active
  VSM_ESS_DangerPlausRight_Ready2Active
  VSM_ESS_Right_READY2ACTIVE
  VSM_SomeHWASafeStop2ExitConditions_b
  VSM_HWASlowExitCons_NotHighWayArterialRoad5s
  VSM_HWASlowExitCons_ACCError
  VSM_HWASlowExitConditions_b
  VSM_HandsOn
  VSM_LCK_Con_SteerAngleSpd_Active2Ready
  VSM_LCK_Con_OverRide_Active2Ready
  VSM_LCK_Con_SteerWheelAngle_Active2Ready
  VSM_LCK_Con_DriverInput_Active2Ready
  VSM_LDW_Con_AccPedalRate_Active2Ready
  VSM_LDW_Con_BrakePressure_Active2Ready
  VSM_LDW_Con_SteerWheelAngle_Active2Ready
  VSM_LDW_Con_SteerWheelSpd_Active2Ready
  VSM_LKA_Con_AccPedalRate_Active2Ready
  VSM_LKA_Con_BrakePressure_Active2Ready
  VSM_LKA_Con_SteerWheelAngle_Active2Ready
  VSM_LKA_Con_DriverInput_Active2Ready
  VSM_LKA_Con_SteerWheelSpd_Active2Ready
  VSM_LKA_Con_OverRide_Active2Ready
  VSM_ELK_Con_AccPedalRate_Active2Ready
  VSM_ELK_Con_BrakePressure_Active2Ready
  VSM_ELK_Con_SteerWheelAngle_Active2Ready
  VSM_ELK_Con_SteerWheelSpd_Active2Ready
  VSM_LCK_Con_AccPedalRate_Active2Ready
  VSM_LCK_Con_BrakePress_Active2Ready
  VSM_ACC_SWSet
  VSM_ACC_SWRes
  VSM_ACC_VsetBelowMin
  VSM_ACC_DrvOffReq
  VSM_ELK_Con_YawRate_Idle2Ready
  VSM_ELK_Con_AbsEsp_Idle2Ready
  VSM_ELK_Con_Headingangel_Idle2Ready
  VSM_ELK_Con_Failsafe_Idle2Ready
  VSM_ELK_Con_LaneCurve_Idle2Ready
  VSM_ELK_Con_VehicleSpeed_Idle2ReadyELK
  VSM_ELK_Lane_valid
  VSM_ELK_Lwidth_Valid
  VSM_ELK_Con_Lane_Idle2Ready
  VSM_ELK_Con_ESSSts_Idle2Ready
  VSM_ELK_Idle2Ready
  VSM_ELK_Con_YawRate_Ready2Idle
  VSM_ELK_Con_AbsEsp_Ready2Idle
  VSM_ELK_Con_Failsafe_Ready2Idle
  VSM_ELK_Con_LaneCurve_Ready2Idle
  VSM_ELK_Con_Headingangle_Ready2Idle
  VSM_ELK_Con_VehicleSpeed_Ready2Idle
  VSM_ELK_Con_Lane_Ready2Idle
  VSM_ELK_Con_ESSSts_Ready2Idle
  VSM_ELK_Other2Idle
  VSM_ELK_Con_SteerWheelAngle_Ready2Active
  VSM_ELK_Con_DriverInput_Ready2Active
  VSM_ELK_Con_SteerWheelSpd_Ready2Active
  VSM_ELK_Con_LateralAcc_Ready2Active
  VSM_ELK_Con_LongitudeAcc_Ready2Active
  VSM_ELK_Con_BrakePressure_Ready2Active
  VSM_ELK_Con_AccPedalRate_Ready2Active
  VSM_ELK_Con_EpsSta_Ready2Active
  VSM_ELK_Con_CURRENT_GEAR_Ready2Active
  VSM_ELK_Con_Override_Ready2Active
  VSM_LeftChange_old
  VSM_LeftChange_new
  VSM_RightChange_old
  VSM_RightChange_new
  VSM_ELK_Con_LaneChange_Ready2Active
  VSM_ELK_Ready2Active
  VSM_ELK_Con_DriverInput_Active2Ready
  VSM_ELK_Con_LateralAcc_Active2Ready
  VSM_ELK_Con_LongitudeAcc_Active2Ready
  VSM_ELK_Con_EpsSta_Active2Ready
  VSM_ELK_Con_OverRide_Active2Ready
  VSM_ELK_Con_CURRENT_GEAR_Active2Ready
  VSM_ELK_Con_LaneChange_Active2Ready
  VSM_ELK_Active2Ready
  VSM_LKA_Con_YawRate_Idle2Ready
  VSM_LKA_Con_AbsEsp_Idle2Ready
  VSM_LKA_Con_Headingangle_Idle2Ready
  VSM_LKA_Con_Failsafe_Idle2Ready
  VSM_LKA_Con_ESSSts_Idle2Ready
  VSM_LKA_Con_LaneCurve_Idle2Ready
  VSM_LKA_Con_Lane_Idle2Ready
  VSM_LKA_Con_VehicleSpeed_Idle2Ready
  VSM_LKA_Idle2Ready
  VSM_LKA_Con_YawRate_Ready2Idle
  VSM_LKA_Con_AbsEsp_Ready2Idle
  VSM_LKA_Con_Failsafe_Ready2Idle
  VSM_LKA_Con_LaneCurve_Ready2Idle
  VSM_LKA_Con_Headingangle_Ready2Idle
  VSM_LKA_Con_ESSSts_Ready2Idle
  VSM_LKA_Con_Lane_Ready2Idle
  VSM_LKA_Con_VehicleSpeed_Ready2Idle
  VSM_LKA_Other2Idle
  VSM_LKA_Con_SteerWheelAngle_Ready2Active
  VSM_LKA_Con_DriverInput_Ready2Active
  VSM_LKA_Con_SteerWheelSpd_Ready2Active
  VSM_LKA_Con_LateralAcc_Ready2Active
  VSM_LKA_Con_LongitudeAcc_Ready2Active
  VSM_LKA_Con_BrakePressure_Ready2Active
  VSM_LKA_Con_AccPedalRate_Ready2Active
  VSM_LKA_Con_EpsSta_Ready2Active
  VSM_LKA_Con_CURRENT_GEAR_Ready2Active
  VSM_LKA_Con_TurnLight_Ready2Active
  VSM_LKA_Con_Override_Ready2Active
  VSM_LKA_Con_LaneChange_Ready2Active
  VSM_LKA_Con_TJASts_Ready2Active
  VSM_LKA_Ready2Active
  VSM_LKAWarnflag
  VSM_LKA_Con_LateralAcc_Active2Ready
  VSM_LKA_Con_LongitudeAcc_Active2Ready
  VSM_LKA_Con_EpsSta_Active2Ready
  VSM_LKA_Con_CURRENT_GEAR_Active2Ready
  VSM_LKA_Con_TurnLight_Active2Ready
  VSM_LKA_Con_LaneChange_Active2Ready
  VSM_LKA_Con_ESSSts_Active2Ready
  VSM_LKA_Con_TJASts_Active2Ready
  VSM_LKA_Active2Ready
  VSM_LKA_End
  VSM_LKA_LeftWarning
  VSM_LKA_RightWarning
  VSM_ELK_OnComing_LOnComing
  VSM_ELK_OnComing_Lttc
  VSM_ELK_OnComing_ROnComing
  VSM_ELK_OnComing_Rttc
  VSM_ELK_OnComing_LetfCondition
  VSM_ELK_OnComing_RightCondition
  VSM_ELK_OverTaking_LLateral
  VSM_ELK_OverTaking_RLateral
  VSM_ELK_OverTaking_LeftCondition
  VSM_ELK_OverTaking_RightCondition
  VSM_LCK_Con_ESSSts_Idle2Ready
  VSM_LCK_Con_YawRate_Idle2Ready
  VSM_LCK_Con_VehicleSpd_Idle2Ready
  VSM_LCK_Con_HandsOff_Ready2Idle
  VSM_LCK_Con_Handson_Idle2Ready
  VSM_LCK_Con_AbsEsp_Idle2Ready
  VSM_LCK_Con_ESSSts_Ready2Idle
  VSM_LCK_Con_YawRate_Ready2Idle
  VSM_LCK_Con_VehicleSpd_Ready2Idle
  VSM_LCK_Con_LSMLine_Ready2Idle
  VSM_LCK_Con_AbsEsp_Ready2Idle
  VSM_LCK_Con_LaneCurve_Ready2Idle
  VSM_LCK_Ready2Idle
  VSM_LCK_Con_InTime_Idle2Ready
  VSM_LCK_Con_LaneCurve_Idle2Ready
  VSM_LCK_Con_LSMLine_Idle2Ready
  VSM_LCK_Idle2Ready
  VSM_LCK_Con_TurnLight_Ready2Active
  VSM_LCK_Con_SteerAngleSpd_Ready2Active
  VSM_LCK_Con_BrakePress_Ready2Active
  VSM_LCK_Con_AccPedalRate_Ready2Active
  VSM_LCK_Con_SteerWheelAngle_Ready2Active
  VSM_LCK_Con_DrvInputTrqValue_Ready2Active
  VSM_LCK_Con_LateralAcc_Ready2Active
  VSM_LCK_Con_LongitudeAcc_Ready2Active
  VSM_LCK_Con_CURRENT_GEAR_Ready2Active
  VSM_LCK_Con_OverRide_Ready2Active
  VSM_LCK_Con_EpsSts_Ready2Active
  VSM_LCK_Con_LaneChange_Ready2Active
  VSM_LCK_Ready2Active
  VSM_LCK_Con_TurnLight_Active2Ready
  VSM_LCK_Con_EpsSta_Active2Ready
  VSM_LCK_Con_LateralAcc_Active2Ready
  VSM_LCK_Con_LongitudeAcc_Active2Ready
  VSM_LCK_Con_CURRENT_GEAR_Active2Ready
  VSM_LCK_Con_LaneChange_Active2Ready
  VSM_LCK_Active2Ready
  VSM_LCKIE_State_Vehspeed_Idel2Ready
  VSM_LCKIE_State_Lanecurve_Idel2Ready
  VSM_LCKIE_State_LaneWidth_Idel2Ready
  VSM_LCKIE_State_wiper_Idel2Ready
  VSM_LCKIE_State_lamb_Idel2Ready
  VSM_LCKIE_State_detaspd_Idel2Ready
  VSM_LCKIE_State_Idel2Ready
  VSM_LCKIE_State_DrvInputTrqValue_Ready2Active
  VSM_LCKIE_State_ELKObj_Ready2Active
  VSM_LCKIE_State_OppFrontObj_Ready2Active
  VSM_LCKIE_State_IEObj_Ready2Active
  VSM_LCKIE_State_Ready2Active
  VSM_LCKIE_State_Vehspeed_Ready2Idel
  VSM_LCKIE_State_Lanecurve_Ready2Idel
  VSM_LCKIE_State_LaneWidth_Ready2Idel
  VSM_LCKIE_State_wiper_Ready2Idel
  VSM_LCKIE_State_lamb_Ready2Idel
  VSM_LCKIE_State_detaspd_Ready2Idel
  VSM_LCKIE_State_Ready2Idel
  VSM_LCKIE_State_DrvInputTrqValue_Active2Ready
  VSM_LCKIE_State_ELKObj_Active2Ready
  VSM_LCKIE_State_OppFrontObj_Active2Ready
  VSM_LCKIE_State_IEObj_Active2Ready
  VSM_LCKIE_State_Active2Ready
  VSM_LCKIE_State_HWASts_Ready2Active
  VSM_LCKIE_State_IFVReady
  VSM_LCKIE_State_IFVFail
  VSM_LDW_Con_YawRate_Idle2Ready
  VSM_LDW_Con_AbsEsp_Idle2Ready
  VSM_LDW_Con_Headingangle_Idle2Ready
  VSM_LDW_Con_Failsafe_Idle2Ready
  VSM_LDW_Con_LaneCurve_Idle2Ready
  VSM_LDW_Con_Lane_Idle2Ready
  VSM_LDW_Con_VehicleSpeed_Idle2Ready
  VSM_LDW_Con_ESSSts_Idle2Ready
  VSM_LDW_Idle2Ready
  VSM_LDW_Con_YawRate_Ready2Idle
  VSM_LDW_Con_AbsEsp_Ready2Idle
  VSM_LDW_Con_Failsafe_Ready2Idle
  VSM_LDW_Con_LaneCurve_Ready2Idle
  VSM_LDW_Con_Headingangle_Ready2Idle
  VSM_LDW_Con_VehicleSpeed_Ready2Idle
  VSM_LDW_Con_Lane_Ready2Idle
  VSM_LDW_Con_ESSSts_Ready2Idle
  VSM_LDW_Other2Idle
  VSM_LDW_Con_SteerWheelAngle_Ready2Active
  VSM_LDW_Con_SteerWheelSpd_Ready2Active
  VSM_LDW_Con_LateralAcc_Ready2Active
  VSM_LDW_Con_LongitudeAcc_Ready2Active
  VSM_LDW_Con_BrakePressure_Ready2Active
  VSM_LDW_Con_AccPedalRate_Ready2Active
  VSM_LDW_Con_CURRENT_GEAR_Ready2Active
  VSM_LDW_Con_TurnLight_Ready2Active
  VSM_LDW_Con_LaneChange_Ready2Active
  VSM_LDW_Ready2Active
  VSM_LDW_Con_CURRENT_GEAR_Active2Ready
  VSM_LDW_Con_LateralAcc_Active2Ready
  VSM_LDW_Con_LongitudeAcc_Active2Ready
  VSM_LDW_Con_LaneChange_Active2Ready
  VSM_LDW_Con_TurnLight_Active2Ready
  VSM_LDW_Active2Ready
  VSM_LCK_TargetLaneIn2
  VSM_LCK_TargetLaneIn
  VSM_LCK_Con_TJAVehicleSpd_Idle2Ready
  VSM_LCK_Con_TJAVehicleSpd_Ready2Idle
  VSM_LCK_Con_Lane_Idle2Ready
  VSM_LCK_Con_TargetLaneIn_Idle2Ready
  VSM_LCK_TJAReady2Active
  VSM_LCK_Con_TJALane_Ready2Idle
  VSM_LCK_Con_Lane_Ready2Idle
  VSM_LCK_Con_TJALane_Idle2Ready
  VSM_LCK_TJAIdle2Ready
  VSM_LCK_TJAReady2Idle
  VSM_ACCFastExitCons_EngLimpHome
  VSM_User_ACCRes
  VSM_ELK_OverTaking_LOut
  VSM_ELK_OverTaking_ROut
  VSM_ELK_OverTaking_rightcar
  VSM_ELK_OverTaking_leftcar
  VSM_ELK_OnComing_LOut
  VSM_ELK_OnComing_ROut
  VSM_HandsOffDetd
  VSM_ESS_DelayReady
  VSM_HWA_ParkShiftReq
  VSM_HWAActive
  VSM_HWASafeStopEn
  VSM_HWAFastExit_b
  VSM_HWASlowExit_b
  VSM_TJASts
  VSM_TJALCKState
  VSM_HWASts
