    P_LSM_DOP_PreDis_Y
          P_LSM_DOP_PreDis_X
            P_LSM_DOP_C1_EN_Limit
          P_LSM_DOP_C1AndC2_Lim_X
            P_LSM_DOP_C2_EN_Limit
        P_LSM_DOP_C1_out_Limit
        P_LSM_DOP_C2_out_Limit
        P_LSM_DoubleLine_DOPOut_C1
        P_LSM_SingleLine_DOPOut_C1
    P_LSM_DOP_C0_EN_Limit 

P_LSM_DOP_C0_out_Limit 

P_LSM_NOH_Switch 

P_LSM_DOPValid_CheckTime 

P_LSM_DOP_In_Pre2Dop_Dis 

P_LSM_DOP_Out_Pre2Dop_Dis 

P_LSM_DoubleLine_Curr2Cent_Dislimit 

P_LSM_DoubleLine_Dop2Cent_Dislimit 

P_LSM_DoubleLine_Pre2Cent_Dislimit 

P_LSM_IFV2CenterAxis 

P_LSM_IFV2RearAxis 

P_LSM_LineSTD_Limit 

P_LSM_LineWijCal_C12 

P_LSM_LineWijCal_C13 

P_LSM_PosLineLcFac 

P_LSM_Pre_t 

P_LSM_SingleLine_Cent2Edge_Dislimit 

P_LSM_SingleLine_Curr2Cent_Dislimit 

P_LSM_SingleLine_Dop2Cent_Dislimit 

P_LSM_SingleLine_Pre2Cent_Dislimit 

P_LSM_ALC_Enable 

  LSM_UpdateCnt
  LSM_QualityK1
  LSM_A3K1
  LSM_A2K1
  LSM_A1K1
  LSM_A0K1
  LSM_RangeK1
  LSM_tLostK1
  LSM_HWALineC0K1
  LSM_LH21
  LSM_LH22
  LSM_LH23
  LSM_LH1Wij
  LSM_LH31
  LSM_LH32
  LSM_LH33
  LSM_LH2Wij
  LSM_TJALineC3
  LSM_LCKLineC0
  LSM_LCKRange
  LSM_HWALineC3
  LSM_HWALineC2
  LSM_HWALineC1
  LSM_HWALeLineC3
  LSM_HWALeLineC2
  LSM_HWALeLineC1
  LSM_HWALeLineC0
  LSM_TJALineC2
  LSM_HWALeRange
  LSM_HWALineC0
  LSM_HWARange
  LSM_HWARiLineC1
  LSM_HWARiLineC0
  LSM_HWARiRange
  LSM_TJALineC1
  LSM_HeadAngDiff
  LSM_HWARiLineC3
  LSM_HWARiLineC2
  LSM_ESSLineC2
  LSM_ESSLineC1
  LSM_ESSLineC0
  LSM_ESSRange
  LSM_ESSLeLineC3
  LSM_TJALineC0
  LSM_ESSLineC3
  LSM_ESSLeLineC0
  LSM_ESSLeRange
  LSM_ESSRiLineC3
  LSM_ESSRiLineC2
  LSM_ESSRiLineC1
  LSM_ESSLeLineC2
  LSM_ESSLeLineC1
  LSM_ESSRiLineC0
  LSM_TJARange
  LSM_ESSRiRange
  LSM_dyDiff
  LSM_RoadWidth
  LSM_LCKLineC3
  LSM_LCKLineC2
  LSM_LCKLineC1
  LSM_OTL_A3
  LSM_OTL_A2
  LSM_OTL_A1
  LSM_OTL_A0
  LSM_OTL_Range
  LSM_RFM_LineCenter_C0
  LSM_RFM_LineL1_C2
  LSM_RFM_LineL1_C3
  LSM_RFM_LineL1_Start
  LSM_RFM_LineL1_Front
  LSM_RFM_LineR1_C2
  LSM_RFM_LineR1_C3
  LSM_RFM_LineR1_Start
  LSM_RFM_LineR1_Front
  LSM_RFM_LineR1_C0
  LSM_RFM_LineCenter_C1
  LSM_RFM_LineR1_C1
  LSM_RFM_LineCenter_C2
  LSM_RFM_LineCenter_C3
  LSM_RFM_LineCenter_Start
  LSM_RFM_LineCenter_Front
  LSM_RFM_LineL1_C0
  LSM_RFM_LineL1_C1
  LSM_L1_Range
  LSM_LA_ELEM_0_C1
  LSM_LRE_ELEM_1_C0
  LSM_LRE_ELEM_1_Range_Start
  LSM_LA_ELEM_0_C2
  LSM_LA_ELEM_0_C3
  LSM_LA_ELEM_0_Range_Start
  LSM_LA_ELEM_0_Range_End
  LSM_LA_ELEM_0_Marker_Width
  LSM_LA_ELEM_0_Confidence
  LSM_LA_ELEM_1_C0
  LSM_LA_ELEM_1_C1
  LSM_LA_ELEM_1_C2
  LSM_LA_ELEM_1_C3
  LSM_LA_ELEM_1_Range_Start
  LSM_LA_ELEM_1_Range_End
  LSM_L2_Range
  LSM_LA_ELEM_1_Confidence
  LSM_LA_ELEM_1_Marker_Width
  LSM_LA_ELEM_2_C0
  LSM_LA_ELEM_2_C1
  LSM_LA_ELEM_2_C2
  LSM_LA_ELEM_2_C3
  LSM_LA_ELEM_2_Range_Start
  LSM_LA_ELEM_2_Range_End
  LSM_LA_ELEM_2_Confidence
  LSM_LA_ELEM_2_Marker_Width
  LSM_LA_ELEM_3_C0
  LSM_LA_ELEM_3_C1
  LSM_LA_ELEM_3_C2
  LSM_LA_ELEM_3_C3
  LSM_LA_ELEM_3_Range_Start
  LSM_L3_Range
  LSM_LA_ELEM_3_Range_End
  LSM_LA_ELEM_3_Confidence
  LSM_LA_ELEM_3_Marker_Width
  LSM_LH_ELEM_0_C0
  LSM_LH_ELEM_0_C1
  LSM_LH_ELEM_0_C2
  LSM_LH_ELEM_0_Confidence
  LSM_LH_ELEM_0_C3
  LSM_LH_ELEM_0_VR_End
  LSM_LH_ELEM_0_Marker_Width
  LSM_L4_Range
  LSM_LH_ELEM_0_VR_Start
  LSM_LH_ELEM_1_C0
  LSM_LH_ELEM_1_C1
  LSM_LH_ELEM_1_C2
  LSM_LH_ELEM_1_Confidence
  LSM_LH_ELEM_1_C3
  LSM_LH_ELEM_1_VR_Start
  LSM_LH_ELEM_1_Marker_Width
  LSM_LH_ELEM_1_VR_End
  LSM_LRE_ELEM_0_C1
  LSM_LRE_ELEM_0_C2
  LSM_LRE_ELEM_0_C3
  LSM_LRE_ELEM_0_Range_End
  LSM_LA_ELEM_0_C0
  LSM_LRE_ELEM_0_Range_Start
  LSM_LRE_ELEM_0_C0
  LSM_LRE_ELEM_0_Confidence
  LSM_LRE_ELEM_1_Confidence
  LSM_LRE_ELEM_1_C1
  LSM_LRE_ELEM_1_C2
  LSM_LRE_ELEM_1_C3
  LSM_LRE_ELEM_1_Range_End
  LSM_EN_C0
  LSM_EN_C1
  LSM_EN_C2
  LSM_EN_C3
  LSM_EN_Start
  LSM_EN_Front
  LSM_Exit_C0
  LSM_Exit_C1
  LSM_Exit_C2
  LSM_Exit_C3
  LSM_Exit_Start
  LSM_Exit_Front
  LSM_L3_AvaliTime
  LSM_L2_AvaliTime
  LSM_L1_AvaliDis
  LSM_L2_AvaliDis
  LSM_L1_AvaliTime
  LSM_L4_AvaliTime
  LSM_L3_AvaliDis
  LSM_L4_AvaliDis
  LSM_L1_A0
  LSM_L2_A0
  LSM_L3_A0
  LSM_L4_A0
  LSM_CurDis2
  LSM_DeltaDis2
  LSM_CurDis3
  LSM_DeltaDis3
  LSM_RoadWidth1
  LSM_CentLineA3
  LSM_CentLineA2
  LSM_CentLineA1
  LSM_CentLineA0
  LSM_CentLineRange
  LSM_CentQ
  LSM_dDeltaX
  LSM_dDeltaY
  LSM_CosOfPsi
  LSM_SinOfsi
  LSM_TJA_Line_State1
  LSM_HWASts
  LSM_OTL_Count
  LSM_RFM_LineCenter_Valid
  LSM_RFM_LineR1_Valid
  LSM_RFM_LineL1_Valid
  LSM_L1_Conf
  LSM_LRE_ELEM_1_Line_Side
  LSM_LA_ELEM_0_Availability_State
  LSM_LA_ELEM_0_Lanemark_Type
  LSM_LA_ELEM_0_DLM_Type
  LSM_LA_ELEM_0_Line_Side
  LSM_L2_Conf
  LSM_LA_ELEM_1_Availability_State
  LSM_LA_ELEM_1_Lanemark_Type
  LSM_LA_ELEM_1_DLM_Type
  LSM_LA_ELEM_1_Line_Side
  LSM_LA_ELEM_2_Availability_State
  LSM_L3_Conf
  LSM_LA_ELEM_2_Lanemark_Type
  LSM_LA_ELEM_2_DLM_Type
  LSM_LA_ELEM_2_Line_Side
  LSM_LA_ELEM_3_Availability_State
  LSM_LA_ELEM_3_Lanemark_Type
  LSM_LA_ELEM_3_DLM_Type
  LSM_LA_ELEM_3_Line_Side
  LSM_LH_Count
  LSM_L4_Conf
  LSM_LH_ELEM_0_Availability_State
  LSM_LH_ELEM_0_Lanemark_Type
  LSM_LH_ELEM_0_DLM_Type
  LSM_LH_ELEM_0_Line_Side
  LSM_LH_ELEM_0_Crossing
  LSM_LH_ELEM_1_Availability_State
  LSM_LH_ELEM_1_Lanemark_Type
  LSM_LH_ELEM_1_DLM_Type
  LSM_LA_Adjacent_Count
  LSM_LH_ELEM_1_Line_Side
  LSM_LH_ELEM_1_Crossing
  LSM_LRE_Count
  LSM_LRE_ELEM_0_Line_Side
  LSM_LRE_ELEM_0_Availability_State
  LSM_LRE_ELEM_1_Availability_State
  LSM_EN_Valid
  LSM_Exit_Valid
  LSM_LeftLineConf
  LSM_RightLineConf
  LSM_TJA_Line_State
  LSM_Wij_State
  LSM_Line_State
  LSM_LockCounter
  LSM_MoveID
  LSM_LockID
  LSM_LineValidK1
  LSM_LeftMostLane
  LSM_TJALineValid
  LSM_HWALineValid
  LSM_HWARiLineValid
  LSM_HWALeLineValid
  LSM_DoubleLineLost_b
  LSM_ESSLeLineValid
  LSM_ESSLineValid
  LSM_ESSRiLineValid
  LSM_LCKLineValid
  LSM_MLeLane
  LSM_LeftLaneChange
  LSM_RightLaneChange
  LSM_OTLineValid
  LSM_SingleLineLost_b
  LSM_PathLaneAvail
  LSM_LeftOffset_b
  LSM_RightOffset_b
  LSM_LeftLineTypeEN
  LSM_RightLineTypeEN
  LSM_DOP_EN
  LSM_DOP_Out
  LSM_LH1Valid
  LSM_LH2Valid
  LSM_CentLineValid
  LSM_VisLineUpdate
