    P_LCS_ESS_SteerAngleErr
          P_LCS_LATC_VehicleSpd_TabX_Kph
            P_LCS_LATC_MPCMatrixQ1_st
          P_LCS_VehicleSpd_TabX_Kph
            P_LCS_LATC_MPCMatrixQ2_st
        P_LCS_LATC_MPCMatrixR_st
        P_LCS_LATC_ELKAngleSlope_ratio
        P_LCS_LATC_ELKMaxLatAcc_ms2
        P_LCS_LATC_ESSAngleSlope_ratio
        P_LCS_LATC_ESSMaxLatAcc_ms2
        P_LCS_LATC_LCAngleSlope_ratio
        P_LCS_LATC_LCEcoAngleSlope_ratio
        P_LCS_LATC_LCNormalAngleSlope_ratio
        P_LCS_LATC_LCSportAngleSlope_ratio
        P_LCS_LATC_LCKIEMaxLatAcc_ms2
        P_LCS_LATC_LCKIEAngleSlope_ratio
        P_LCS_LATC_LCKMaxLatAcc_ms2
        P_LCS_LATC_LCNormalMaxLatAcc_ms2
        P_LCS_LATC_LCCancleMaxLatAcc_ms2
        P_LCS_LATC_LCEcoMaxLatAcc_ms2
        P_LCS_LATC_LCSportMaxLatAcc_ms2
        P_LCS_LATC_LKAAngleSlope_ratio
        P_LCS_LATC_LKAMaxLatAcc_ms2
        P_LCS_LATC_LCKAngleSlope_ratio
        P_LCS_PLAN_LCPreDisFac_ratio   
          P_LCS_PLAN_TarDangerlLevel_Tabx_st
              P_LCS_PLAN_DesLineA0_TabY_m
            P_LCS_Plan_LCNomalAyDtLimit_Tab_ms3   
          P_LCS_PLAN_PreDisCurve_TabX_m
              P_LCS_PLAN_VehicleSpd_TabY_Kph
            P_LCS_PLAN_LCKAyDtLimit_Tab_ms3   
        P_LCS_Plan_LKAAyDtLimit_Tab_ms3   
        P_LCS_Plan_ELKAyDtLimit_Tab_ms3   
        P_LCS_Plan_LCSportAyDtLimit_Tab_ms3   
        P_LCS_Plan_LCAyDtLimit_Tab_ms3   
        P_LCS_Plan_LCKIEAyDtLimit_Tab_ms3   
        P_LCS_LATC_StateActivAngleSlopeLimit_ratio   
          P_LCS_LATC_StateActiveFlg_TabX_st
              P_LCS_LATC_StateActiveHoldTime_TabY_st
            P_LCS_LATC_CurOffsetCurveFliterTime_Tab_s
          P_LCS_LATC_CurOffsetCurve_TabX_m
            P_LCS_PLAN_StateActivAngleSlope_Tab_ratio   
          P_LCS_PLAN_StateActiveFlg_TabX_st
              P_LCS_PLAN_StateActiveHoldTime_TabY_s
            P_LCS_PLAN_StateCompleteAngleSlope_Tab_ratio   
          P_LCS_PLAN_StateCompleteFlg_TabX_st
            P_LCS_PLAN_LCCompletePreDisFac_Tab_ratio   
    P_LCS_ESSOverrideTime1 

P_LCS_ESSOverrideTime2 

P_LCS_ESSOverrideTime3 

P_LCS_LATC_TarAngleFliterWindowSize 

P_LCS_NoOverRideTime_TH_s 

P_LCS_OverRideDetect_b 

P_LCS_OverRideTime_TH_s 

P_Global_CharSpd_ms 

P_Global_SteeringAngleRatio 

P_Global_WheelBase_m 

P_LCS_DetNoOverRide_DrvTrq_TH 

P_LCS_DetOverRide_DrvTrq_TH 

P_LCS_ESSOverrideValue1 

P_LCS_ESSOverrideValue2 

P_LCS_ESS_NotActiveFlgDelayTime 

P_LCS_ESS_NotActiveFlgDelayTimeSW 

P_LCS_ESS_SteerAngleFilterTime 

P_LCS_ESS_TarAngleFilterTime 

P_LCS_IN_Offset_Test_Value 

P_LCS_LATC_CurOffsetA2FliterT_s 

P_LCS_LATC_CurOffsetVehicleSpdLimitValue_degs 

P_LCS_LATC_MPCDeltaT_s 

P_LCS_LATC_MPCMaxSterAngleSpd_degs 

P_LCS_LATC_MPCMaxSterAngle_deg 

P_LCS_LCC_HeadingErRrateTime_s 

P_LCS_LCC_HeadingErrTime_s 

P_LCS_LCC_LaterErrRateTime_s 

P_LCS_LCC_LaterErrTime_s 

P_LCS_LCC_RefThetaTime_s 

P_LCS_LCC_RefcurveTime_s 

P_LCS_PLAN_A2FliterTime_s 

P_LCS_PLAN_DisFac_Tab_ratio 

P_LCS_PLAN_MinDis_m 

P_LCS_PLAN_PreDis_Tab_m 

P_LCS_PlLAN_PreDisFac_Tab_ratio 

P_LCS_Plan_A2Pretime_s 

P_LCS_LATC_StateHoldTime_st 

P_LCS_PLAN_StateHoldTime_st 

P_LCS_ESS_LogicTest_Enable 

P_LCS_IN_Offset_Test_SW 

P_LCS_Trq_Switch 

  LCS_LATC_HoldTime_s
  LCS_PLAN_Trajectory_NumTraj
  LCS_SubModel_Number
  LCS_SubModel_VERSION
  LCS_IN_EPS_DrvInpTrqVal
  LCS_IN_SteerWheelSpd
  LCS_ESS_SteerWheelAngleSpd
  LCS_ESS_SteerWheelAngleSpdFilter
  LCS_ESS_TarAngleSpd
  LCS_ESS_TarAngleSpdFilter
  LCS_IN_vxvRefMs
  LCS_IN_SteerWheelSpdSign
  LCS_IN_SteerWheelAngleSign
  LCS_IN_SteerWheelAng
  LCS_IN_CurrentLaneWidth
  LCS_IN_EPS_LKATorqOvrlDlvd
  LCS_IN_EPS_LKATorqOvrlDlvdVld
  LCS_IN_CurSteerAngle_deg
  LCS_IN_SteerAngOffset_deg
  LCS_LATC_CorrectSteerAngle_deg
  LCS_IN_Spd_Kph
  LCS_LATC_MaxAy_ms2
  LCS_LATC_StateActAngleSlope_degs
  LCS_LATC_StateAngleSlope_degs
  LCS_IN_psiDtOpt
  LCS_IN_desLaneA2
  LCS_LATC_TarAngleFilter_deg
  LCS_LATC_OutTrgSteerAngle
  LCS_IN_kapTraj
  LCS_IN_axvRefMs2
  LCS_IN_desLaneA3
  LCS_IN_desLaneA1
  LCS_IN_desLaneA0
  LCS_PreDisCurve_m
  LCS_Plan_AyDtlimit
  LCS_Plan_FinalpreDis
  LCS_CurSteerAngle_deg
  LCS_IN_SteerAngleSpd_degs
  LCS_EqA0
  LCS_IN_ayvRefMs2
  LCS_IN_alpSideSlipAngle
  LCS_PLAN_TrajectoryX
  LCS_PLAN_Trajectory_PlanY
  LCS_LATC_PlanT
  LCS_LATC_PlanLength
  LCS_LATC_PlanAyDt
  LCS_LATC_CurrentSteerAngleOffset_deg
  LCS_LATC_SteerAngleCmd_deg
  LCS_LATC_Feedforward_deg
  LCS_LATC_Feedback_deg
  LCS_LATC_SteerAngleLimit_deg
  LCS_LATC_MatrixResult_deg
  LCS_LATC_TarAngle_deg
  LCS_LATC_MPCDeltaT_s
  LCS_Trq_Switch
  LCS_IN_EPS_FailSts
  LCS_IN_EPS_LKATrqOvlDlvdSts
  LCS_IN_TarDangerlLevel_Delay2Frame
  LCS_IN_TarDangerlLevel
  LCS_OUT_AngCmdReqValVld
  LCS_Counter
  LCS_IN_EPS_LKAAngDlvdSts
  LCS_LATC_AngleSlopeFlg_st
  LCS_EPSFault
  LCS_ESS_NotActiveFlg1
  LCS_ESS_NotActiveFlg2
  LCS_ESS_NotActiveFlg3
  LCS_ESS_NotActiveFlgOriginal
  LCS_ESS_NotActiveFlg
  LCS_IN_desLaneValid
  LCS_OffSetUpdate_Flg
  LCS_OverRideDetect_b
  LCS_ESS_NotActiveDelayFlg
