P_EQ4_BC0Gain 

P_HWA_TOS_P0HeadingAngle 

P_Global_DxvFrontBumper_m 

P_Global_EQ2RearAxisX_m 

P_Global_EQ2RearAxisY_m 

P_Global_SteeringAngleRatio 

P_TOSS_DxOffset 

P_RFM_RoadType 

P_RFM_mapvalid 

  RFM_R1_dDisFront
  RFM_R1_dDisStart
  RFM_R1_dC3V
  RFM_R1_dC2V
  RFM_R1_dC1V
  RFM_R1_dC0V
  RFM_L1_dDisFront
  RFM_L1_dDisStart
  RFM_L1_dC3V
  RFM_L1_dC1V
  RFM_L1_dC0V
  EQ4_DX
  LCKIE_DX
  LCKIE_DY
  LCKIE_VX
  dxP0
  LongCtrl_VlcInternalAcc
  LCKIE_ID
  RFM_R1_eLineType
  RFM_R1_bIsLineExist
  RFM_L1_eLineType
  RFM_L1_bIsLineExist
  EQ4_Type
  Object_Type
  LSM_Line_source
